QcaFrmCreateFooter
QcaFrmCreateHeader
QcaFrmFsmDecode
QcaFrmFsmInit
alloc_netdev
clear_bit
dev_alloc_skb
dev_kfree_skb
eth_type_trans
ether_setup
free_netdev
memcpy
memset
netdev_priv
netif_carrier_off
netif_carrier_on
netif_running
netif_rx_ni
netif_start_queue
netif_stop_queue
netif_wake_queue
pr_debug
printk
qca_tty_close
qca_tty_open
qca_tty_receive
qca_tty_wakeup
qcauart_mod_exit
qcauart_mod_init
qcauart_netdev_close
qcauart_netdev_get_stats
qcauart_netdev_init
qcauart_netdev_open
qcauart_netdev_set_mac_address
qcauart_netdev_setup
qcauart_netdev_tx_timeout
qcauart_netdev_uninit
qcauart_netdev_xmit
register_netdev
set_bit
skb_copy_expand
skb_headroom
skb_pull
skb_push
skb_put
skb_tailroom
tty_register_ldisc
tty_unregister_ldisc
unregister_netdev
write
